# JRE version: OpenJDK Runtime Environment (11.0.8+10) (build 11.0.8+10-b944.6842174)
# Java VM: OpenJDK 64-Bit Server VM (11.0.8+10-b944.6842174, mixed mode, tiered, compressed oops, g1 gc, windows-amd64)
Heap:
 garbage-first heap   total 449536K, used 248590K [0x0000000080000000, 0x0000000100000000)
  region size 1024K, 81 young (82944K), 10 survivors (10240K)
 Metaspace       used 306741K, capacity 312878K, committed 313204K, reserved 1323008K
  class space    used 36562K, capacity 38815K, committed 38912K, reserved 1048576K
GC Heap History (20 events):
Event: 10026.020 GC heap before
{Heap before GC invocations=343 (full 0):
 garbage-first heap   total 449536K, used 272000K [0x0000000080000000, 0x0000000100000000)
  region size 1024K, 117 young (119808K), 2 survivors (2048K)
 Metaspace       used 306354K, capacity 312386K, committed 312692K, reserved 1323008K
  class space    used 36536K, capacity 38767K, committed 38912K, reserved 1048576K
}
Event: 10026.027 GC heap after
{Heap after GC invocations=344 (full 0):
 garbage-first heap   total 449536K, used 156717K [0x0000000080000000, 0x0000000100000000)
  region size 1024K, 3 young (3072K), 3 survivors (3072K)
 Metaspace       used 306354K, capacity 312386K, committed 312692K, reserved 1323008K
  class space    used 36536K, capacity 38767K, committed 38912K, reserved 1048576K
}
Event: 10067.739 GC heap before
{Heap before GC invocations=345 (full 0):
 garbage-first heap   total 449536K, used 369709K [0x0000000080000000, 0x0000000100000000)
  region size 1024K, 196 young (200704K), 3 survivors (3072K)
 Metaspace       used 306372K, capacity 312451K, committed 312692K, reserved 1323008K
  class space    used 36536K, capacity 38767K, committed 38912K, reserved 1048576K
}
Event: 10067.756 GC heap after
{Heap after GC invocations=346 (full 0):
 garbage-first heap   total 449536K, used 165967K [0x0000000080000000, 0x0000000100000000)
  region size 1024K, 12 young (12288K), 12 survivors (12288K)
 Metaspace       used 306372K, capacity 312451K, committed 312692K, reserved 1323008K
  class space    used 36536K, capacity 38767K, committed 38912K, reserved 1048576K
}
Event: 10067.784 GC heap before
{Heap before GC invocations=346 (full 0):
 garbage-first heap   total 449536K, used 174159K [0x0000000080000000, 0x0000000100000000)
  region size 1024K, 21 young (21504K), 12 survivors (12288K)
 Metaspace       used 306372K, capacity 312451K, committed 312692K, reserved 1323008K
  class space    used 36536K, capacity 38767K, committed 38912K, reserved 1048576K
}
Event: 10067.798 GC heap after
{Heap after GC invocations=347 (full 0):
 garbage-first heap   total 449536K, used 166586K [0x0000000080000000, 0x0000000100000000)
  region size 1024K, 2 young (2048K), 2 survivors (2048K)
 Metaspace       used 306372K, capacity 312451K, committed 312692K, reserved 1323008K
  class space    used 36536K, capacity 38767K, committed 38912K, reserved 1048576K
}
Event: 10301.426 GC heap before
{Heap before GC invocations=347 (full 0):
 garbage-first heap   total 449536K, used 358074K [0x0000000080000000, 0x0000000100000000)
  region size 1024K, 190 young (194560K), 2 survivors (2048K)
 Metaspace       used 306468K, capacity 312516K, committed 312692K, reserved 1323008K
  class space    used 36536K, capacity 38767K, committed 38912K, reserved 1048576K
}
Event: 10301.445 GC heap after
{Heap after GC invocations=348 (full 0):
 garbage-first heap   total 449536K, used 174710K [0x0000000080000000, 0x0000000100000000)
  region size 1024K, 10 young (10240K), 10 survivors (10240K)
 Metaspace       used 306468K, capacity 312516K, committed 312692K, reserved 1323008K
  class space    used 36536K, capacity 38767K, committed 38912K, reserved 1048576K
}
Event: 10302.717 GC heap before
{Heap before GC invocations=349 (full 0):
 garbage-first heap   total 449536K, used 379510K [0x0000000080000000, 0x0000000100000000)
  region size 1024K, 194 young (198656K), 10 survivors (10240K)
 Metaspace       used 306481K, capacity 312522K, committed 312692K, reserved 1323008K
  class space    used 36537K, capacity 38768K, committed 38912K, reserved 1048576K
}
Event: 10302.733 GC heap after
{Heap after GC invocations=350 (full 0):
 garbage-first heap   total 449536K, used 178829K [0x0000000080000000, 0x0000000100000000)
  region size 1024K, 14 young (14336K), 14 survivors (14336K)
 Metaspace       used 306481K, capacity 312522K, committed 312692K, reserved 1323008K
  class space    used 36537K, capacity 38768K, committed 38912K, reserved 1048576K
}
Event: 10302.755 GC heap before
{Heap before GC invocations=350 (full 0):
 garbage-first heap   total 449536K, used 184973K [0x0000000080000000, 0x0000000100000000)
  region size 1024K, 21 young (21504K), 14 survivors (14336K)
 Metaspace       used 306481K, capacity 312522K, committed 312692K, reserved 1323008K
  class space    used 36537K, capacity 38768K, committed 38912K, reserved 1048576K
}
Event: 10302.776 GC heap after
{Heap after GC invocations=351 (full 0):
 garbage-first heap   total 449536K, used 165060K [0x0000000080000000, 0x0000000100000000)
  region size 1024K, 2 young (2048K), 2 survivors (2048K)
 Metaspace       used 306481K, capacity 312522K, committed 312692K, reserved 1323008K
  class space    used 36537K, capacity 38768K, committed 38912K, reserved 1048576K
}
Event: 10306.033 GC heap before
{Heap before GC invocations=351 (full 0):
 garbage-first heap   total 449536K, used 360644K [0x0000000080000000, 0x0000000100000000)
  region size 1024K, 195 young (199680K), 2 survivors (2048K)
 Metaspace       used 306495K, capacity 312528K, committed 312692K, reserved 1323008K
  class space    used 36538K, capacity 38769K, committed 38912K, reserved 1048576K
}
Event: 10306.068 GC heap after
{Heap after GC invocations=352 (full 0):
 garbage-first heap   total 449536K, used 173422K [0x0000000080000000, 0x0000000100000000)
  region size 1024K, 11 young (11264K), 11 survivors (11264K)
 Metaspace       used 306495K, capacity 312528K, committed 312692K, reserved 1323008K
  class space    used 36538K, capacity 38769K, committed 38912K, reserved 1048576K
}
Event: 10364.880 GC heap before
{Heap before GC invocations=353 (full 0):
 garbage-first heap   total 449536K, used 385390K [0x0000000080000000, 0x0000000100000000)
  region size 1024K, 200 young (204800K), 11 survivors (11264K)
 Metaspace       used 306668K, capacity 312749K, committed 312948K, reserved 1323008K
  class space    used 36562K, capacity 38815K, committed 38912K, reserved 1048576K
}
Event: 10364.900 GC heap after
{Heap after GC invocations=354 (full 0):
 garbage-first heap   total 449536K, used 177060K [0x0000000080000000, 0x0000000100000000)
  region size 1024K, 14 young (14336K), 14 survivors (14336K)
 Metaspace       used 306668K, capacity 312749K, committed 312948K, reserved 1323008K
  class space    used 36562K, capacity 38815K, committed 38912K, reserved 1048576K
}
Event: 10364.924 GC heap before
{Heap before GC invocations=354 (full 0):
 garbage-first heap   total 449536K, used 183204K [0x0000000080000000, 0x0000000100000000)
  region size 1024K, 21 young (21504K), 14 survivors (14336K)
 Metaspace       used 306668K, capacity 312749K, committed 312948K, reserved 1323008K
  class space    used 36562K, capacity 38815K, committed 38912K, reserved 1048576K
}
Event: 10364.938 GC heap after
{Heap after GC invocations=355 (full 0):
 garbage-first heap   total 449536K, used 168242K [0x0000000080000000, 0x0000000100000000)
  region size 1024K, 2 young (2048K), 2 survivors (2048K)
 Metaspace       used 306668K, capacity 312749K, committed 312948K, reserved 1323008K
  class space    used 36562K, capacity 38815K, committed 38912K, reserved 1048576K
}
Event: 10680.160 GC heap before
{Heap before GC invocations=355 (full 0):
 garbage-first heap   total 449536K, used 365874K [0x0000000080000000, 0x0000000100000000)
  region size 1024K, 196 young (200704K), 2 survivors (2048K)
 Metaspace       used 306737K, capacity 312878K, committed 313204K, reserved 1323008K
  class space    used 36562K, capacity 38815K, committed 38912K, reserved 1048576K
}
Event: 10680.184 GC heap after
{Heap after GC invocations=356 (full 0):
 garbage-first heap   total 449536K, used 175886K [0x0000000080000000, 0x0000000100000000)
  region size 1024K, 10 young (10240K), 10 survivors (10240K)
 Metaspace       used 306737K, capacity 312878K, committed 313204K, reserved 1323008K
  class space    used 36562K, capacity 38815K, committed 38912K, reserved 1048576K
}

