# JRE version: OpenJDK Runtime Environment (11.0.8+10) (build 11.0.8+10-b944.6842174)
# Java VM: OpenJDK 64-Bit Server VM (11.0.8+10-b944.6842174, mixed mode, tiered, compressed oops, g1 gc, windows-amd64)
Heap:
 garbage-first heap   total 312320K, used 149644K [0x0000000080000000, 0x0000000100000000)
  region size 1024K, 40 young (40960K), 17 survivors (17408K)
 Metaspace       used 91819K, capacity 94014K, committed 94188K, reserved 1130496K
  class space    used 11547K, capacity 12340K, committed 12440K, reserved 1048576K
GC Heap History (20 events):
Event: 5.973 GC heap before
{Heap before GC invocations=8 (full 0):
 garbage-first heap   total 260096K, used 93588K [0x0000000080000000, 0x0000000100000000)
  region size 1024K, 65 young (66560K), 15 survivors (15360K)
 Metaspace       used 58473K, capacity 59847K, committed 59936K, reserved 1101824K
  class space    used 7356K, capacity 7861K, committed 7884K, reserved 1048576K
}
Event: 5.993 GC heap after
{Heap after GC invocations=9 (full 0):
 garbage-first heap   total 260096K, used 48603K [0x0000000080000000, 0x0000000100000000)
  region size 1024K, 5 young (5120K), 5 survivors (5120K)
 Metaspace       used 58473K, capacity 59847K, committed 59936K, reserved 1101824K
  class space    used 7356K, capacity 7861K, committed 7884K, reserved 1048576K
}
Event: 7.225 GC heap before
{Heap before GC invocations=10 (full 0):
 garbage-first heap   total 260096K, used 151003K [0x0000000080000000, 0x0000000100000000)
  region size 1024K, 105 young (107520K), 5 survivors (5120K)
 Metaspace       used 67474K, capacity 69029K, committed 69356K, reserved 1110016K
  class space    used 8646K, capacity 9258K, committed 9368K, reserved 1048576K
}
Event: 7.244 GC heap after
{Heap after GC invocations=11 (full 0):
 garbage-first heap   total 260096K, used 55771K [0x0000000080000000, 0x0000000100000000)
  region size 1024K, 12 young (12288K), 12 survivors (12288K)
 Metaspace       used 67474K, capacity 69029K, committed 69356K, reserved 1110016K
  class space    used 8646K, capacity 9258K, committed 9368K, reserved 1048576K
}
Event: 8.470 GC heap before
{Heap before GC invocations=12 (full 0):
 garbage-first heap   total 260096K, used 161243K [0x0000000080000000, 0x0000000100000000)
  region size 1024K, 115 young (117760K), 12 survivors (12288K)
 Metaspace       used 74640K, capacity 76376K, committed 76524K, reserved 1116160K
  class space    used 9708K, capacity 10342K, committed 10392K, reserved 1048576K
}
Event: 8.488 GC heap after
{Heap after GC invocations=13 (full 0):
 garbage-first heap   total 312320K, used 63617K [0x0000000080000000, 0x0000000100000000)
  region size 1024K, 8 young (8192K), 8 survivors (8192K)
 Metaspace       used 74640K, capacity 76376K, committed 76524K, reserved 1116160K
  class space    used 9708K, capacity 10342K, committed 10392K, reserved 1048576K
}
Event: 10.121 GC heap before
{Heap before GC invocations=13 (full 0):
 garbage-first heap   total 312320K, used 190593K [0x0000000080000000, 0x0000000100000000)
  region size 1024K, 133 young (136192K), 8 survivors (8192K)
 Metaspace       used 78432K, capacity 80275K, committed 80620K, reserved 1120256K
  class space    used 10120K, capacity 10805K, committed 10904K, reserved 1048576K
}
Event: 10.138 GC heap after
{Heap after GC invocations=14 (full 0):
 garbage-first heap   total 312320K, used 75220K [0x0000000080000000, 0x0000000100000000)
  region size 1024K, 17 young (17408K), 17 survivors (17408K)
 Metaspace       used 78432K, capacity 80275K, committed 80620K, reserved 1120256K
  class space    used 10120K, capacity 10805K, committed 10904K, reserved 1048576K
}
Event: 12.596 GC heap before
{Heap before GC invocations=14 (full 0):
 garbage-first heap   total 312320K, used 212436K [0x0000000080000000, 0x0000000100000000)
  region size 1024K, 149 young (152576K), 17 survivors (17408K)
 Metaspace       used 80178K, capacity 82156K, committed 82284K, reserved 1120256K
  class space    used 10274K, capacity 10993K, committed 11032K, reserved 1048576K
}
Event: 12.622 GC heap after
{Heap after GC invocations=15 (full 0):
 garbage-first heap   total 312320K, used 96918K [0x0000000080000000, 0x0000000100000000)
  region size 1024K, 19 young (19456K), 19 survivors (19456K)
 Metaspace       used 80178K, capacity 82156K, committed 82284K, reserved 1120256K
  class space    used 10274K, capacity 10993K, committed 11032K, reserved 1048576K
}
Event: 13.979 GC heap before
{Heap before GC invocations=15 (full 0):
 garbage-first heap   total 312320K, used 256661K [0x0000000080000000, 0x0000000100000000)
  region size 1024K, 139 young (142336K), 19 survivors (19456K)
 Metaspace       used 84380K, capacity 86407K, committed 86636K, reserved 1124352K
  class space    used 10669K, capacity 11410K, committed 11544K, reserved 1048576K
}
Event: 13.996 GC heap after
{Heap after GC invocations=16 (full 0):
 garbage-first heap   total 312320K, used 136704K [0x0000000080000000, 0x0000000100000000)
  region size 1024K, 6 young (6144K), 6 survivors (6144K)
 Metaspace       used 84380K, capacity 86407K, committed 86636K, reserved 1124352K
  class space    used 10669K, capacity 11410K, committed 11544K, reserved 1048576K
}
Event: 14.547 GC heap before
{Heap before GC invocations=16 (full 0):
 garbage-first heap   total 312320K, used 192000K [0x0000000080000000, 0x0000000100000000)
  region size 1024K, 53 young (54272K), 6 survivors (6144K)
 Metaspace       used 86609K, capacity 88654K, committed 88940K, reserved 1126400K
  class space    used 10946K, capacity 11709K, committed 11800K, reserved 1048576K
}
Event: 14.560 GC heap after
{Heap after GC invocations=17 (full 0):
 garbage-first heap   total 312320K, used 129325K [0x0000000080000000, 0x0000000100000000)
  region size 1024K, 12 young (12288K), 12 survivors (12288K)
 Metaspace       used 86609K, capacity 88654K, committed 88940K, reserved 1126400K
  class space    used 10946K, capacity 11709K, committed 11800K, reserved 1048576K
}
Event: 16.096 GC heap before
{Heap before GC invocations=18 (full 0):
 garbage-first heap   total 312320K, used 235821K [0x0000000080000000, 0x0000000100000000)
  region size 1024K, 111 young (113664K), 12 survivors (12288K)
 Metaspace       used 87284K, capacity 89430K, committed 89836K, reserved 1128448K
  class space    used 11005K, capacity 11775K, committed 11928K, reserved 1048576K
}
Event: 16.111 GC heap after
{Heap after GC invocations=19 (full 0):
 garbage-first heap   total 312320K, used 113143K [0x0000000080000000, 0x0000000100000000)
  region size 1024K, 10 young (10240K), 10 survivors (10240K)
 Metaspace       used 87284K, capacity 89430K, committed 89836K, reserved 1128448K
  class space    used 11005K, capacity 11775K, committed 11928K, reserved 1048576K
}
Event: 16.741 GC heap before
{Heap before GC invocations=19 (full 0):
 garbage-first heap   total 312320K, used 230903K [0x0000000080000000, 0x0000000100000000)
  region size 1024K, 126 young (129024K), 10 survivors (10240K)
 Metaspace       used 87515K, capacity 89669K, committed 89836K, reserved 1128448K
  class space    used 11034K, capacity 11802K, committed 11928K, reserved 1048576K
}
Event: 16.758 GC heap after
{Heap after GC invocations=20 (full 0):
 garbage-first heap   total 312320K, used 118408K [0x0000000080000000, 0x0000000100000000)
  region size 1024K, 12 young (12288K), 12 survivors (12288K)
 Metaspace       used 87515K, capacity 89669K, committed 89836K, reserved 1128448K
  class space    used 11034K, capacity 11802K, committed 11928K, reserved 1048576K
}
Event: 18.660 GC heap before
{Heap before GC invocations=20 (full 0):
 garbage-first heap   total 312320K, used 237192K [0x0000000080000000, 0x0000000100000000)
  region size 1024K, 129 young (132096K), 12 survivors (12288K)
 Metaspace       used 91583K, capacity 93787K, committed 93932K, reserved 1130496K
  class space    used 11515K, capacity 12307K, committed 12440K, reserved 1048576K
}
Event: 18.675 GC heap after
{Heap after GC invocations=21 (full 0):
 garbage-first heap   total 312320K, used 128140K [0x0000000080000000, 0x0000000100000000)
  region size 1024K, 17 young (17408K), 17 survivors (17408K)
 Metaspace       used 91583K, capacity 93787K, committed 93932K, reserved 1130496K
  class space    used 11515K, capacity 12307K, committed 12440K, reserved 1048576K
}

